\BOOKMARK [1][-]{section.1}{Projekce spinu do obecného směru}{}% 1
\BOOKMARK [2][-]{subsection.1.1}{Zadání}{section.1}% 2
\BOOKMARK [2][-]{subsection.1.2}{Řešení}{section.1}% 3
\BOOKMARK [1][-]{section.2}{Rabiho\040metoda}{}% 4
\BOOKMARK [2][-]{subsection.2.1}{Zadání}{section.2}% 5
\BOOKMARK [2][-]{subsection.2.2}{Řešení}{section.2}% 6
\BOOKMARK [1][-]{section.3}{PT-symetrický hamiltonián}{}% 7
\BOOKMARK [2][-]{subsection.3.1}{Zadání}{section.3}% 8
\BOOKMARK [2][-]{subsection.3.2}{Řešení}{section.3}% 9
\BOOKMARK [1][-]{section.4}{Hyperjemné štěpení \(spin-spinová interakce\), spin-1, pozitronium}{}% 10
\BOOKMARK [2][-]{subsection.4.1}{Zadání}{section.4}% 11
\BOOKMARK [2][-]{subsection.4.2}{Řešení}{section.4}% 12
\BOOKMARK [1][-]{section.5}{Jemné štěpení \(spin-orbitální interakce\)}{}% 13
\BOOKMARK [2][-]{subsection.5.1}{Zadání}{section.5}% 14
\BOOKMARK [2][-]{subsection.5.2}{Řešení}{section.5}% 15
\BOOKMARK [1][-]{section.6}{Střední hodnota spinu}{}% 16
\BOOKMARK [2][-]{subsection.6.1}{Zadání}{section.6}% 17
\BOOKMARK [2][-]{subsection.6.2}{Řešení}{section.6}% 18
\BOOKMARK [1][-]{section.7}{Casimirův jev}{}% 19
\BOOKMARK [2][-]{subsection.7.1}{Zadání}{section.7}% 20
\BOOKMARK [2][-]{subsection.7.2}{Řešení}{section.7}% 21
\BOOKMARK [1][-]{section.8}{Ramseyho\040interference}{}% 22
\BOOKMARK [2][-]{subsection.8.1}{Zadání}{section.8}% 23
\BOOKMARK [2][-]{subsection.8.2}{Řešení}{section.8}% 24
